<testng-results>
  <reporter-output>
  </reporter-output>
  <suite name="Suite for Module 9 and package testng" duration-ms="124" started-at="2016-01-03T11:40:05Z" finished-at="2016-01-03T11:40:06Z">
    <groups>
    </groups>
    <test name="First Class" duration-ms="13" started-at="2016-01-03T11:40:05Z" finished-at="2016-01-03T11:40:05Z">
      <class name="testng.AnotherTest">
        <test-method status="PASS" signature="beforeTest()" name="beforeTest" is-config="true" duration-ms="1" started-at="2016-01-03T11:40:05Z" finished-at="2016-01-03T11:40:05Z">
        </test-method>
        <test-method status="PASS" signature="beforeMethod()" name="beforeMethod" is-config="true" duration-ms="1" started-at="2016-01-03T11:40:05Z" finished-at="2016-01-03T11:40:05Z">
        </test-method>
        <test-method status="PASS" signature="receiveemail()" name="receiveemail" duration-ms="0" started-at="2016-01-03T11:40:05Z" finished-at="2016-01-03T11:40:05Z">
        </test-method>
        <test-method status="PASS" signature="afterMethod()" name="afterMethod" is-config="true" duration-ms="1" started-at="2016-01-03T11:40:05Z" finished-at="2016-01-03T11:40:05Z">
        </test-method>
        <test-method status="PASS" signature="beforeMethod()" name="beforeMethod" is-config="true" duration-ms="1" started-at="2016-01-03T11:40:05Z" finished-at="2016-01-03T11:40:05Z">
        </test-method>
        <test-method status="PASS" signature="sendemail()" name="sendemail" duration-ms="0" started-at="2016-01-03T11:40:05Z" finished-at="2016-01-03T11:40:05Z">
        </test-method>
        <test-method status="PASS" signature="afterMethod()" name="afterMethod" is-config="true" duration-ms="0" started-at="2016-01-03T11:40:05Z" finished-at="2016-01-03T11:40:05Z">
        </test-method>
        <test-method status="PASS" signature="AfterTest()" name="AfterTest" is-config="true" duration-ms="1" started-at="2016-01-03T11:40:05Z" finished-at="2016-01-03T11:40:05Z">
        </test-method>
      </class>
    </test>
    <test name="Second Class" duration-ms="11" started-at="2016-01-03T11:40:05Z" finished-at="2016-01-03T11:40:05Z">
      <class name="testng.SecondTest">
        <test-method status="PASS" signature="beforeTest()" name="beforeTest" is-config="true" duration-ms="1" started-at="2016-01-03T11:40:05Z" finished-at="2016-01-03T11:40:05Z">
        </test-method>
        <test-method status="PASS" signature="Test()" name="Test" duration-ms="1" started-at="2016-01-03T11:40:05Z" finished-at="2016-01-03T11:40:05Z">
        </test-method>
        <test-method status="FAIL" signature="checkResults()" name="checkResults" duration-ms="9" started-at="2016-01-03T11:40:05Z" finished-at="2016-01-03T11:40:05Z">
          <exception class="java.lang.AssertionError">
            <message>
              <![CDATA[Results are again not good expected:<false> but was:<true>]]>
            </message>
            <full-stacktrace>
              <![CDATA[java.lang.AssertionError: Results are again not good expected:<false> but was:<true>
	at org.testng.Assert.fail(Assert.java:89)
	at org.testng.Assert.failNotEquals(Assert.java:480)
	at org.testng.Assert.assertFalse(Assert.java:58)
	at testng.SecondTest.checkResults(SecondTest.java:48)
	at sun.reflect.NativeMethodAccessorImpl.invoke0(Native Method)
	at sun.reflect.NativeMethodAccessorImpl.invoke(NativeMethodAccessorImpl.java:62)
	at sun.reflect.DelegatingMethodAccessorImpl.invoke(DelegatingMethodAccessorImpl.java:43)
	at java.lang.reflect.Method.invoke(Method.java:497)
	at org.testng.internal.MethodInvocationHelper.invokeMethod(MethodInvocationHelper.java:74)
	at org.testng.internal.Invoker.invokeMethod(Invoker.java:673)
	at org.testng.internal.Invoker.invokeTestMethod(Invoker.java:846)
	at org.testng.internal.Invoker.invokeTestMethods(Invoker.java:1170)
	at org.testng.internal.TestMethodWorker.invokeTestMethods(TestMethodWorker.java:125)
	at org.testng.internal.TestMethodWorker.run(TestMethodWorker.java:109)
	at org.testng.TestRunner.runWorkers(TestRunner.java:1125)
	at org.testng.TestRunner.privateRun(TestRunner.java:749)
	at org.testng.TestRunner.run(TestRunner.java:600)
	at org.testng.SuiteRunner.runTest(SuiteRunner.java:317)
	at org.testng.SuiteRunner.runSequentially(SuiteRunner.java:312)
	at org.testng.SuiteRunner.privateRun(SuiteRunner.java:274)
	at org.testng.SuiteRunner.run(SuiteRunner.java:223)
	at org.testng.SuiteRunnerWorker.runSuite(SuiteRunnerWorker.java:52)
	at org.testng.SuiteRunnerWorker.run(SuiteRunnerWorker.java:86)
	at org.testng.TestNG.runSuitesSequentially(TestNG.java:965)
	at org.testng.TestNG.runSuitesLocally(TestNG.java:890)
	at org.testng.TestNG.run(TestNG.java:824)
	at org.testng.TestNG.privateMain(TestNG.java:1128)
	at org.testng.TestNG.main(TestNG.java:1092)
]]>
            </full-stacktrace>
          </exception>
        </test-method>
      </class>
    </test>
    <test name="Third Class" duration-ms="4" started-at="2016-01-03T11:40:05Z" finished-at="2016-01-03T11:40:06Z">
      <class name="testng.YahooRegistrationTest">
        <test-method status="PASS" signature="TestData(java.lang.String, java.lang.String, java.lang.String, java.lang.String)" name="TestData" duration-ms="0" started-at="2016-01-03T11:40:06Z" finished-at="2016-01-03T11:40:06Z">
          <params>
            <param index="0">
              <value>
                <![CDATA[user1]]>
              </value>
            </param>
            <param index="1">
              <value>
                <![CDATA[email1]]>
              </value>
            </param>
            <param index="2">
              <value>
                <![CDATA[password1]]>
              </value>
            </param>
            <param index="3">
              <value>
                <![CDATA[city1]]>
              </value>
            </param>
          </params>
        </test-method>
        <test-method status="PASS" signature="TestData(java.lang.String, java.lang.String, java.lang.String, java.lang.String)" name="TestData" duration-ms="1" started-at="2016-01-03T11:40:06Z" finished-at="2016-01-03T11:40:06Z">
          <params>
            <param index="0">
              <value>
                <![CDATA[user2]]>
              </value>
            </param>
            <param index="1">
              <value>
                <![CDATA[email2]]>
              </value>
            </param>
            <param index="2">
              <value>
                <![CDATA[password2]]>
              </value>
            </param>
            <param index="3">
              <value>
                <![CDATA[city2]]>
              </value>
            </param>
          </params>
        </test-method>
        <test-method status="PASS" signature="TestData(java.lang.String, java.lang.String, java.lang.String, java.lang.String)" name="TestData" duration-ms="0" started-at="2016-01-03T11:40:06Z" finished-at="2016-01-03T11:40:06Z">
          <params>
            <param index="0">
              <value>
                <![CDATA[user3]]>
              </value>
            </param>
            <param index="1">
              <value>
                <![CDATA[email3]]>
              </value>
            </param>
            <param index="2">
              <value>
                <![CDATA[password3]]>
              </value>
            </param>
            <param index="3">
              <value>
                <![CDATA[city3]]>
              </value>
            </param>
          </params>
        </test-method>
      </class>
      <class name="testng.AnotherTest">
        <test-method status="PASS" signature="beforeSuite()" name="beforeSuite" is-config="true" duration-ms="13" started-at="2016-01-03T11:40:05Z" finished-at="2016-01-03T11:40:05Z">
        </test-method>
        <test-method status="PASS" signature="afterSuite()" name="afterSuite" is-config="true" duration-ms="0" started-at="2016-01-03T11:40:06Z" finished-at="2016-01-03T11:40:06Z">
        </test-method>
      </class>
    </test>
  </suite>
</testng-results>
